<!DOCTYPE html>
<html>
  <head>
    <meta charset="utf-8"/>
    <title id="head-title">report.html</title>
      <link href="assets/style.css" rel="stylesheet" type="text/css"/>
  </head>
  <body>
    <h1 id="title">report.html</h1>
    <p>Report generated on 08-Aug-2025 at 11:02:05 by <a href="https://pypi.python.org/pypi/pytest-html">pytest-html</a>
        v4.1.1</p>
    <div id="environment-header">
      <h2>Environment</h2>
    </div>
    <table id="environment"></table>
    <!-- TEMPLATES -->
      <template id="template_environment_row">
      <tr>
        <td></td>
        <td></td>
      </tr>
    </template>
    <template id="template_results-table__body--empty">
      <tbody class="results-table-row">
        <tr id="not-found-message">
          <td colspan="4">No results found. Check the filters.</th>
        </tr>
    </template>
    <template id="template_results-table__tbody">
      <tbody class="results-table-row">
        <tr class="collapsible">
        </tr>
        <tr class="extras-row">
          <td class="extra" colspan="4">
            <div class="extraHTML"></div>
            <div class="media">
              <div class="media-container">
                  <div class="media-container__nav--left"><</div>
                  <div class="media-container__viewport">
                    <img src="" />
                    <video controls>
                      <source src="" type="video/mp4">
                    </video>
                  </div>
                  <div class="media-container__nav--right">></div>
                </div>
                <div class="media__name"></div>
                <div class="media__counter"></div>
            </div>
            <div class="logwrapper">
              <div class="logexpander"></div>
              <div class="log"></div>
            </div>
          </td>
        </tr>
      </tbody>
    </template>
    <!-- END TEMPLATES -->
    <div class="summary">
      <div class="summary__data">
        <h2>Summary</h2>
        <div class="additional-summary prefix">
        </div>
        <p class="run-count">19 tests took 00:02:57.</p>
        <p class="filter">(Un)check the boxes to filter the results.</p>
        <div class="summary__reload">
          <div class="summary__reload__button hidden" onclick="location.reload()">
            <div>There are still tests running. <br />Reload this page to get the latest results!</div>
          </div>
        </div>
        <div class="summary__spacer"></div>
        <div class="controls">
          <div class="filters">
            <input checked="true" class="filter" name="filter_checkbox" type="checkbox" data-test-result="failed" />
            <span class="failed">4 Failed,</span>
            <input checked="true" class="filter" name="filter_checkbox" type="checkbox" data-test-result="passed" />
            <span class="passed">12 Passed,</span>
            <input checked="true" class="filter" name="filter_checkbox" type="checkbox" data-test-result="skipped" disabled/>
            <span class="skipped">0 Skipped,</span>
            <input checked="true" class="filter" name="filter_checkbox" type="checkbox" data-test-result="xfailed" />
            <span class="xfailed">3 Expected failures,</span>
            <input checked="true" class="filter" name="filter_checkbox" type="checkbox" data-test-result="xpassed" disabled/>
            <span class="xpassed">0 Unexpected passes,</span>
            <input checked="true" class="filter" name="filter_checkbox" type="checkbox" data-test-result="error" disabled/>
            <span class="error">0 Errors,</span>
            <input checked="true" class="filter" name="filter_checkbox" type="checkbox" data-test-result="rerun" disabled/>
            <span class="rerun">0 Reruns</span>
          </div>
          <div class="collapse">
            <button id="show_all_details">Show all details</button>&nbsp;/&nbsp;<button id="hide_all_details">Hide all details</button>
          </div>
        </div>
      </div>
      <div class="additional-summary summary">
      </div>
      <div class="additional-summary postfix">
      </div>
    </div>
    <table id="results-table">
      <thead id="results-table-head">
        <tr>
          <th class="sortable" data-column-type="result">Result</th>
          <th class="sortable" data-column-type="testId">Test</th>
          <th class="sortable" data-column-type="duration">Duration</th>
          <th>Links</th>
        </tr>
      </thead>
    </table>
  </body>
  <footer>
    <div id="data-container" data-jsonblob="{&#34;environment&#34;: {&#34;Python&#34;: &#34;3.13.1&#34;, &#34;Platform&#34;: &#34;macOS-15.6-arm64-arm-64bit-Mach-O&#34;, &#34;Packages&#34;: {&#34;pytest&#34;: &#34;8.4.1&#34;, &#34;pluggy&#34;: &#34;1.6.0&#34;}, &#34;Plugins&#34;: {&#34;anyio&#34;: &#34;4.9.0&#34;, &#34;html&#34;: &#34;4.1.1&#34;, &#34;metadata&#34;: &#34;3.1.1&#34;, &#34;playwright&#34;: &#34;0.7.0&#34;, &#34;base-url&#34;: &#34;2.1.0&#34;}, &#34;Base URL&#34;: &#34;&#34;}, &#34;tests&#34;: {&#34;tests/test_authentication.py::test_example&#34;: [{&#34;extras&#34;: [], &#34;result&#34;: &#34;Passed&#34;, &#34;testId&#34;: &#34;tests/test_authentication.py::test_example&#34;, &#34;duration&#34;: &#34;00:00:03&#34;, &#34;resultsTableRow&#34;: [&#34;&lt;td class=\&#34;col-result\&#34;&gt;Passed&lt;/td&gt;&#34;, &#34;&lt;td class=\&#34;col-testId\&#34;&gt;tests/test_authentication.py::test_example&lt;/td&gt;&#34;, &#34;&lt;td class=\&#34;col-duration\&#34;&gt;00:00:03&lt;/td&gt;&#34;, &#34;&lt;td class=\&#34;col-links\&#34;&gt;&lt;/td&gt;&#34;], &#34;log&#34;: &#34;No log output captured.&#34;}], &#34;tests/test_authentication.py::test_login[testnutzen@example.com-sicherespasswort123]&#34;: [{&#34;extras&#34;: [], &#34;result&#34;: &#34;Passed&#34;, &#34;testId&#34;: &#34;tests/test_authentication.py::test_login[testnutzen@example.com-sicherespasswort123]&#34;, &#34;duration&#34;: &#34;00:00:03&#34;, &#34;resultsTableRow&#34;: [&#34;&lt;td class=\&#34;col-result\&#34;&gt;Passed&lt;/td&gt;&#34;, &#34;&lt;td class=\&#34;col-testId\&#34;&gt;tests/test_authentication.py::test_login[testnutzen@example.com-sicherespasswort123]&lt;/td&gt;&#34;, &#34;&lt;td class=\&#34;col-duration\&#34;&gt;00:00:03&lt;/td&gt;&#34;, &#34;&lt;td class=\&#34;col-links\&#34;&gt;&lt;/td&gt;&#34;], &#34;log&#34;: &#34;No log output captured.&#34;}], &#34;tests/test_authentication.py::test_login[wrong-wrong]&#34;: [{&#34;extras&#34;: [], &#34;result&#34;: &#34;Passed&#34;, &#34;testId&#34;: &#34;tests/test_authentication.py::test_login[wrong-wrong]&#34;, &#34;duration&#34;: &#34;00:00:08&#34;, &#34;resultsTableRow&#34;: [&#34;&lt;td class=\&#34;col-result\&#34;&gt;Passed&lt;/td&gt;&#34;, &#34;&lt;td class=\&#34;col-testId\&#34;&gt;tests/test_authentication.py::test_login[wrong-wrong]&lt;/td&gt;&#34;, &#34;&lt;td class=\&#34;col-duration\&#34;&gt;00:00:08&lt;/td&gt;&#34;, &#34;&lt;td class=\&#34;col-links\&#34;&gt;&lt;/td&gt;&#34;], &#34;log&#34;: &#34;No log output captured.&#34;}], &#34;tests/test_authentication.py::test_login[-]&#34;: [{&#34;extras&#34;: [], &#34;result&#34;: &#34;Passed&#34;, &#34;testId&#34;: &#34;tests/test_authentication.py::test_login[-]&#34;, &#34;duration&#34;: &#34;00:00:08&#34;, &#34;resultsTableRow&#34;: [&#34;&lt;td class=\&#34;col-result\&#34;&gt;Passed&lt;/td&gt;&#34;, &#34;&lt;td class=\&#34;col-testId\&#34;&gt;tests/test_authentication.py::test_login[-]&lt;/td&gt;&#34;, &#34;&lt;td class=\&#34;col-duration\&#34;&gt;00:00:08&lt;/td&gt;&#34;, &#34;&lt;td class=\&#34;col-links\&#34;&gt;&lt;/td&gt;&#34;], &#34;log&#34;: &#34;No log output captured.&#34;}], &#34;tests/test_authentication.py::test_login[hans@t-online.de-papa]&#34;: [{&#34;extras&#34;: [], &#34;result&#34;: &#34;Passed&#34;, &#34;testId&#34;: &#34;tests/test_authentication.py::test_login[hans@t-online.de-papa]&#34;, &#34;duration&#34;: &#34;00:00:08&#34;, &#34;resultsTableRow&#34;: [&#34;&lt;td class=\&#34;col-result\&#34;&gt;Passed&lt;/td&gt;&#34;, &#34;&lt;td class=\&#34;col-testId\&#34;&gt;tests/test_authentication.py::test_login[hans@t-online.de-papa]&lt;/td&gt;&#34;, &#34;&lt;td class=\&#34;col-duration\&#34;&gt;00:00:08&lt;/td&gt;&#34;, &#34;&lt;td class=\&#34;col-links\&#34;&gt;&lt;/td&gt;&#34;], &#34;log&#34;: &#34;No log output captured.&#34;}], &#34;tests/test_cart.py::test_cart_age_verification[01-01-1990-True]&#34;: [{&#34;extras&#34;: [], &#34;result&#34;: &#34;Passed&#34;, &#34;testId&#34;: &#34;tests/test_cart.py::test_cart_age_verification[01-01-1990-True]&#34;, &#34;duration&#34;: &#34;00:00:16&#34;, &#34;resultsTableRow&#34;: [&#34;&lt;td class=\&#34;col-result\&#34;&gt;Passed&lt;/td&gt;&#34;, &#34;&lt;td class=\&#34;col-testId\&#34;&gt;tests/test_cart.py::test_cart_age_verification[01-01-1990-True]&lt;/td&gt;&#34;, &#34;&lt;td class=\&#34;col-duration\&#34;&gt;00:00:16&lt;/td&gt;&#34;, &#34;&lt;td class=\&#34;col-links\&#34;&gt;&lt;/td&gt;&#34;], &#34;log&#34;: &#34;No log output captured.&#34;}], &#34;tests/test_cart.py::test_cart_age_verification[01-01-2010-False]&#34;: [{&#34;extras&#34;: [], &#34;result&#34;: &#34;Passed&#34;, &#34;testId&#34;: &#34;tests/test_cart.py::test_cart_age_verification[01-01-2010-False]&#34;, &#34;duration&#34;: &#34;00:00:16&#34;, &#34;resultsTableRow&#34;: [&#34;&lt;td class=\&#34;col-result\&#34;&gt;Passed&lt;/td&gt;&#34;, &#34;&lt;td class=\&#34;col-testId\&#34;&gt;tests/test_cart.py::test_cart_age_verification[01-01-2010-False]&lt;/td&gt;&#34;, &#34;&lt;td class=\&#34;col-duration\&#34;&gt;00:00:16&lt;/td&gt;&#34;, &#34;&lt;td class=\&#34;col-links\&#34;&gt;&lt;/td&gt;&#34;], &#34;log&#34;: &#34;No log output captured.&#34;}], &#34;tests/test_cart.py::test_cart_age_verification[-False]&#34;: [{&#34;extras&#34;: [], &#34;result&#34;: &#34;Passed&#34;, &#34;testId&#34;: &#34;tests/test_cart.py::test_cart_age_verification[-False]&#34;, &#34;duration&#34;: &#34;00:00:16&#34;, &#34;resultsTableRow&#34;: [&#34;&lt;td class=\&#34;col-result\&#34;&gt;Passed&lt;/td&gt;&#34;, &#34;&lt;td class=\&#34;col-testId\&#34;&gt;tests/test_cart.py::test_cart_age_verification[-False]&lt;/td&gt;&#34;, &#34;&lt;td class=\&#34;col-duration\&#34;&gt;00:00:16&lt;/td&gt;&#34;, &#34;&lt;td class=\&#34;col-links\&#34;&gt;&lt;/td&gt;&#34;], &#34;log&#34;: &#34;No log output captured.&#34;}], &#34;tests/test_checkout_invalid_card.py::test_cart_age_verification[01-01-1990-1234-Max Mustermann-12/26-abc-False]&#34;: [{&#34;extras&#34;: [], &#34;result&#34;: &#34;Passed&#34;, &#34;testId&#34;: &#34;tests/test_checkout_invalid_card.py::test_cart_age_verification[01-01-1990-1234-Max Mustermann-12/26-abc-False]&#34;, &#34;duration&#34;: &#34;00:00:15&#34;, &#34;resultsTableRow&#34;: [&#34;&lt;td class=\&#34;col-result\&#34;&gt;Passed&lt;/td&gt;&#34;, &#34;&lt;td class=\&#34;col-testId\&#34;&gt;tests/test_checkout_invalid_card.py::test_cart_age_verification[01-01-1990-1234-Max Mustermann-12/26-abc-False]&lt;/td&gt;&#34;, &#34;&lt;td class=\&#34;col-duration\&#34;&gt;00:00:15&lt;/td&gt;&#34;, &#34;&lt;td class=\&#34;col-links\&#34;&gt;&lt;/td&gt;&#34;], &#34;log&#34;: &#34;No log output captured.&#34;}], &#34;tests/test_checkout_invalid_card.py::test_cart_age_verification[01-01-1990-1234 4546 2125 4847-Max Mustermann-12/2623-abc-False]&#34;: [{&#34;extras&#34;: [], &#34;result&#34;: &#34;Failed&#34;, &#34;testId&#34;: &#34;tests/test_checkout_invalid_card.py::test_cart_age_verification[01-01-1990-1234 4546 2125 4847-Max Mustermann-12/2623-abc-False]&#34;, &#34;duration&#34;: &#34;00:00:11&#34;, &#34;resultsTableRow&#34;: [&#34;&lt;td class=\&#34;col-result\&#34;&gt;Failed&lt;/td&gt;&#34;, &#34;&lt;td class=\&#34;col-testId\&#34;&gt;tests/test_checkout_invalid_card.py::test_cart_age_verification[01-01-1990-1234 4546 2125 4847-Max Mustermann-12/2623-abc-False]&lt;/td&gt;&#34;, &#34;&lt;td class=\&#34;col-duration\&#34;&gt;00:00:11&lt;/td&gt;&#34;, &#34;&lt;td class=\&#34;col-links\&#34;&gt;&lt;/td&gt;&#34;], &#34;log&#34;: &#34;driver = &amp;lt;selenium.webdriver.chrome.webdriver.WebDriver (session=&amp;quot;ff060cf3efa52f9e4d782978308dd773&amp;quot;)&amp;gt;, birth_date = &amp;#x27;01-01-1990&amp;#x27;, card_number = &amp;#x27;1234 4546 2125 4847&amp;#x27;, card_name = &amp;#x27;Max Mustermann&amp;#x27;\nexpiry_date = &amp;#x27;12/2623&amp;#x27;, cvv = &amp;#x27;abc&amp;#x27;, expected_success = False\n\n    @pytest.mark.parametrize(\n        &amp;quot;birth_date, card_number, card_name, expiry_date, cvv, expected_success&amp;quot;,\n        [\n            (&amp;quot;01-01-1990&amp;quot;, &amp;quot;1234&amp;quot;, &amp;quot;Max Mustermann&amp;quot;, &amp;quot;12/26&amp;quot;, &amp;quot;abc&amp;quot;, False),\n            (&amp;quot;01-01-1990&amp;quot;, &amp;quot;1234 4546 2125 4847&amp;quot;, &amp;quot;Max Mustermann&amp;quot;, &amp;quot;12/2623&amp;quot;, &amp;quot;abc&amp;quot;, False),\n            (&amp;quot;01-01-1990&amp;quot;, &amp;quot;1234 4546 2125 4847&amp;quot;, &amp;quot;Max Mustermann&amp;quot;, &amp;quot;12/2023&amp;quot;, &amp;quot;777&amp;quot;, True),\n            (&amp;quot;01-01-2000&amp;quot;, &amp;quot;1234&amp;quot;, &amp;quot;Max Mustermann&amp;quot;, &amp;quot;12/2656&amp;quot;, &amp;quot;abc&amp;quot;, False)\n    \n        ]\n    )\n    def test_cart_age_verification(driver, birth_date, card_number, card_name, expiry_date, cvv, expected_success):\n        wait = WebDriverWait(driver, 10)\n    \n        login_page = LoginPage(driver)\n        login_page.login(USERNAME, PASSWORD)\n    \n        # Shop \u00f6ffnen\n        shop_page = ShopPage(driver)\n        shop_page.open_shop()\n    \n        # Alterspr\u00fcfung\n        age_page = AgeVerificationPage(driver)\n        age_page.handle_age_verification(birth_date)\n    \n        shop_page.open_category(&amp;quot;Alocohol&amp;quot;)\n        try:\n            WebDriverWait(driver, timeout=10).until(\n                EC.element_to_be_clickable((By.CSS_SELECTOR, &amp;quot;div.product-card:first-of-type button.btn-cart&amp;quot;))\n            )\n        except TimeoutException:\n            if expected_success:\n                pytest.fail(&amp;quot;Produkt konnte nicht ausgew\u00e4hlt werden \u2013 Test erwartet Erfolg&amp;quot;)\n            else:\n                return\n    \n        shop_page.add_first_product_to_cart()\n    \n        header_icons = driver.find_elements(By.CSS_SELECTOR, &amp;quot;div.headerIcon&amp;quot;)\n        header_icons[2].click()\n    \n        WebDriverWait(driver, timeout=10).until(\n            EC.presence_of_element_located((By.CSS_SELECTOR, &amp;quot;img.checkout-card-image&amp;quot;))\n        )\n    \n        shipment_fields = driver.find_elements(By.CSS_SELECTOR, &amp;quot;input.shipment-input&amp;quot;)\n        assert len(shipment_fields) &amp;gt;= 3, &amp;quot;Nicht alle Zahlungsfelder gefunden&amp;quot;\n        shipment_fields[0].send_keys(&amp;quot;Rabenhof&amp;quot;)\n        shipment_fields[1].send_keys(&amp;quot;Bielefeld&amp;quot;)\n        shipment_fields[2].send_keys(&amp;quot;33609&amp;quot;)\n    \n        time.sleep(2)\n    \n        payment_fields = driver.find_elements(By.CSS_SELECTOR, &amp;quot;input.payment-input&amp;quot;)\n        assert len(payment_fields) &amp;gt;= 4, &amp;quot;Nicht alle Zahlungsfelder gefunden&amp;quot;\n        payment_fields[0].send_keys(card_number)\n        payment_fields[1].send_keys(card_name)\n        payment_fields[2].send_keys(expiry_date)\n        payment_fields[3].send_keys(cvv)\n    \n        time.sleep(2)\n    \n        buy_button = driver.find_element(By.CSS_SELECTOR, &amp;quot;button[type=&amp;#x27;submit&amp;#x27;]&amp;quot;)\n        buy_button.click()\n    \n        time.sleep(2)\n    \n        if expected_success:\n            try:\n                success_heading = WebDriverWait(driver, timeout=10).until(\n                    EC.presence_of_element_located((By.XPATH, &amp;quot;//h1[text()=&amp;#x27;Fresh&amp;#x27;]&amp;quot;))\n                )\n                assert success_heading.is_displayed(), &amp;quot;Erfolg erwartet, aber keine Best\u00e4tigung gefunden&amp;quot;\n            except TimeoutException:\n                pytest.fail(&amp;quot;Bezahlung sollte erfolgreich sein, aber &amp;#x27;Fresh&amp;#x27; wurde nicht gefunden&amp;quot;)\n        else:\n            try:\n                WebDriverWait(driver, timeout=5).until(\n                    EC.presence_of_element_located((By.XPATH, &amp;quot;//h1[text()=&amp;#x27;Fresh&amp;#x27;]&amp;quot;))\n                )\n&amp;gt;               pytest.fail(&amp;quot;Bezahlung sollte fehlschlagen, aber &amp;#x27;Fresh&amp;#x27; wurde angezeigt&amp;quot;)\nE               Failed: Bezahlung sollte fehlschlagen, aber &amp;#x27;Fresh&amp;#x27; wurde angezeigt\n\ntests/test_checkout_invalid_card.py:92: Failed\n&#34;}], &#34;tests/test_checkout_invalid_card.py::test_cart_age_verification[01-01-1990-1234 4546 2125 4847-Max Mustermann-12/2023-777-True]&#34;: [{&#34;extras&#34;: [], &#34;result&#34;: &#34;Passed&#34;, &#34;testId&#34;: &#34;tests/test_checkout_invalid_card.py::test_cart_age_verification[01-01-1990-1234 4546 2125 4847-Max Mustermann-12/2023-777-True]&#34;, &#34;duration&#34;: &#34;00:00:11&#34;, &#34;resultsTableRow&#34;: [&#34;&lt;td class=\&#34;col-result\&#34;&gt;Passed&lt;/td&gt;&#34;, &#34;&lt;td class=\&#34;col-testId\&#34;&gt;tests/test_checkout_invalid_card.py::test_cart_age_verification[01-01-1990-1234 4546 2125 4847-Max Mustermann-12/2023-777-True]&lt;/td&gt;&#34;, &#34;&lt;td class=\&#34;col-duration\&#34;&gt;00:00:11&lt;/td&gt;&#34;, &#34;&lt;td class=\&#34;col-links\&#34;&gt;&lt;/td&gt;&#34;], &#34;log&#34;: &#34;No log output captured.&#34;}], &#34;tests/test_checkout_invalid_card.py::test_cart_age_verification[01-01-2000-1234-Max Mustermann-12/2656-abc-False]&#34;: [{&#34;extras&#34;: [], &#34;result&#34;: &#34;Failed&#34;, &#34;testId&#34;: &#34;tests/test_checkout_invalid_card.py::test_cart_age_verification[01-01-2000-1234-Max Mustermann-12/2656-abc-False]&#34;, &#34;duration&#34;: &#34;00:00:11&#34;, &#34;resultsTableRow&#34;: [&#34;&lt;td class=\&#34;col-result\&#34;&gt;Failed&lt;/td&gt;&#34;, &#34;&lt;td class=\&#34;col-testId\&#34;&gt;tests/test_checkout_invalid_card.py::test_cart_age_verification[01-01-2000-1234-Max Mustermann-12/2656-abc-False]&lt;/td&gt;&#34;, &#34;&lt;td class=\&#34;col-duration\&#34;&gt;00:00:11&lt;/td&gt;&#34;, &#34;&lt;td class=\&#34;col-links\&#34;&gt;&lt;/td&gt;&#34;], &#34;log&#34;: &#34;driver = &amp;lt;selenium.webdriver.chrome.webdriver.WebDriver (session=&amp;quot;44eeeb03babc650ed6e0c7c76da1599e&amp;quot;)&amp;gt;, birth_date = &amp;#x27;01-01-2000&amp;#x27;, card_number = &amp;#x27;1234&amp;#x27;, card_name = &amp;#x27;Max Mustermann&amp;#x27;\nexpiry_date = &amp;#x27;12/2656&amp;#x27;, cvv = &amp;#x27;abc&amp;#x27;, expected_success = False\n\n    @pytest.mark.parametrize(\n        &amp;quot;birth_date, card_number, card_name, expiry_date, cvv, expected_success&amp;quot;,\n        [\n            (&amp;quot;01-01-1990&amp;quot;, &amp;quot;1234&amp;quot;, &amp;quot;Max Mustermann&amp;quot;, &amp;quot;12/26&amp;quot;, &amp;quot;abc&amp;quot;, False),\n            (&amp;quot;01-01-1990&amp;quot;, &amp;quot;1234 4546 2125 4847&amp;quot;, &amp;quot;Max Mustermann&amp;quot;, &amp;quot;12/2623&amp;quot;, &amp;quot;abc&amp;quot;, False),\n            (&amp;quot;01-01-1990&amp;quot;, &amp;quot;1234 4546 2125 4847&amp;quot;, &amp;quot;Max Mustermann&amp;quot;, &amp;quot;12/2023&amp;quot;, &amp;quot;777&amp;quot;, True),\n            (&amp;quot;01-01-2000&amp;quot;, &amp;quot;1234&amp;quot;, &amp;quot;Max Mustermann&amp;quot;, &amp;quot;12/2656&amp;quot;, &amp;quot;abc&amp;quot;, False)\n    \n        ]\n    )\n    def test_cart_age_verification(driver, birth_date, card_number, card_name, expiry_date, cvv, expected_success):\n        wait = WebDriverWait(driver, 10)\n    \n        login_page = LoginPage(driver)\n        login_page.login(USERNAME, PASSWORD)\n    \n        # Shop \u00f6ffnen\n        shop_page = ShopPage(driver)\n        shop_page.open_shop()\n    \n        # Alterspr\u00fcfung\n        age_page = AgeVerificationPage(driver)\n        age_page.handle_age_verification(birth_date)\n    \n        shop_page.open_category(&amp;quot;Alocohol&amp;quot;)\n        try:\n            WebDriverWait(driver, timeout=10).until(\n                EC.element_to_be_clickable((By.CSS_SELECTOR, &amp;quot;div.product-card:first-of-type button.btn-cart&amp;quot;))\n            )\n        except TimeoutException:\n            if expected_success:\n                pytest.fail(&amp;quot;Produkt konnte nicht ausgew\u00e4hlt werden \u2013 Test erwartet Erfolg&amp;quot;)\n            else:\n                return\n    \n        shop_page.add_first_product_to_cart()\n    \n        header_icons = driver.find_elements(By.CSS_SELECTOR, &amp;quot;div.headerIcon&amp;quot;)\n        header_icons[2].click()\n    \n        WebDriverWait(driver, timeout=10).until(\n            EC.presence_of_element_located((By.CSS_SELECTOR, &amp;quot;img.checkout-card-image&amp;quot;))\n        )\n    \n        shipment_fields = driver.find_elements(By.CSS_SELECTOR, &amp;quot;input.shipment-input&amp;quot;)\n        assert len(shipment_fields) &amp;gt;= 3, &amp;quot;Nicht alle Zahlungsfelder gefunden&amp;quot;\n        shipment_fields[0].send_keys(&amp;quot;Rabenhof&amp;quot;)\n        shipment_fields[1].send_keys(&amp;quot;Bielefeld&amp;quot;)\n        shipment_fields[2].send_keys(&amp;quot;33609&amp;quot;)\n    \n        time.sleep(2)\n    \n        payment_fields = driver.find_elements(By.CSS_SELECTOR, &amp;quot;input.payment-input&amp;quot;)\n        assert len(payment_fields) &amp;gt;= 4, &amp;quot;Nicht alle Zahlungsfelder gefunden&amp;quot;\n        payment_fields[0].send_keys(card_number)\n        payment_fields[1].send_keys(card_name)\n        payment_fields[2].send_keys(expiry_date)\n        payment_fields[3].send_keys(cvv)\n    \n        time.sleep(2)\n    \n        buy_button = driver.find_element(By.CSS_SELECTOR, &amp;quot;button[type=&amp;#x27;submit&amp;#x27;]&amp;quot;)\n        buy_button.click()\n    \n        time.sleep(2)\n    \n        if expected_success:\n            try:\n                success_heading = WebDriverWait(driver, timeout=10).until(\n                    EC.presence_of_element_located((By.XPATH, &amp;quot;//h1[text()=&amp;#x27;Fresh&amp;#x27;]&amp;quot;))\n                )\n                assert success_heading.is_displayed(), &amp;quot;Erfolg erwartet, aber keine Best\u00e4tigung gefunden&amp;quot;\n            except TimeoutException:\n                pytest.fail(&amp;quot;Bezahlung sollte erfolgreich sein, aber &amp;#x27;Fresh&amp;#x27; wurde nicht gefunden&amp;quot;)\n        else:\n            try:\n                WebDriverWait(driver, timeout=5).until(\n                    EC.presence_of_element_located((By.XPATH, &amp;quot;//h1[text()=&amp;#x27;Fresh&amp;#x27;]&amp;quot;))\n                )\n&amp;gt;               pytest.fail(&amp;quot;Bezahlung sollte fehlschlagen, aber &amp;#x27;Fresh&amp;#x27; wurde angezeigt&amp;quot;)\nE               Failed: Bezahlung sollte fehlschlagen, aber &amp;#x27;Fresh&amp;#x27; wurde angezeigt\n\ntests/test_checkout_invalid_card.py:92: Failed\n&#34;}], &#34;tests/test_product_search.py::test_product_search_keywords[milk-None]&#34;: [{&#34;extras&#34;: [], &#34;result&#34;: &#34;Passed&#34;, &#34;testId&#34;: &#34;tests/test_product_search.py::test_product_search_keywords[milk-None]&#34;, &#34;duration&#34;: &#34;00:00:09&#34;, &#34;resultsTableRow&#34;: [&#34;&lt;td class=\&#34;col-result\&#34;&gt;Passed&lt;/td&gt;&#34;, &#34;&lt;td class=\&#34;col-testId\&#34;&gt;tests/test_product_search.py::test_product_search_keywords[milk-None]&lt;/td&gt;&#34;, &#34;&lt;td class=\&#34;col-duration\&#34;&gt;00:00:09&lt;/td&gt;&#34;, &#34;&lt;td class=\&#34;col-links\&#34;&gt;&lt;/td&gt;&#34;], &#34;log&#34;: &#34;No log output captured.&#34;}], &#34;tests/test_product_search.py::test_product_search_keywords[xyz123-No products found]&#34;: [{&#34;extras&#34;: [], &#34;result&#34;: &#34;Failed&#34;, &#34;testId&#34;: &#34;tests/test_product_search.py::test_product_search_keywords[xyz123-No products found]&#34;, &#34;duration&#34;: &#34;00:00:08&#34;, &#34;resultsTableRow&#34;: [&#34;&lt;td class=\&#34;col-result\&#34;&gt;Failed&lt;/td&gt;&#34;, &#34;&lt;td class=\&#34;col-testId\&#34;&gt;tests/test_product_search.py::test_product_search_keywords[xyz123-No products found]&lt;/td&gt;&#34;, &#34;&lt;td class=\&#34;col-duration\&#34;&gt;00:00:08&lt;/td&gt;&#34;, &#34;&lt;td class=\&#34;col-links\&#34;&gt;&lt;/td&gt;&#34;], &#34;log&#34;: &#34;driver = &amp;lt;selenium.webdriver.chrome.webdriver.WebDriver (session=&amp;quot;f272ebb8c92ab1f55063e53dce085882&amp;quot;)&amp;gt;, keyword = &amp;#x27;xyz123&amp;#x27;, expected_message = &amp;#x27;No products found&amp;#x27;\n\n    @pytest.mark.parametrize(&amp;quot;keyword, expected_message&amp;quot;, [\n        (&amp;quot;milk&amp;quot;, None),                          # G\u00fcltiger Suchbegriff \u2192 keine Fehlermeldung\n        (&amp;quot;xyz123&amp;quot;, &amp;quot;No products found&amp;quot;),         # Ung\u00fcltiger Begriff \u2192 Fehlermeldung\n        (&amp;quot;!@#$%&amp;quot;, &amp;quot;No products found&amp;quot;),          # Sonderzeichen \u2192 Fehlermeldung oder Sanitize\n    ])\n    def test_product_search_keywords(driver, keyword, expected_message):\n        login_page = LoginPage(driver)\n        login_page.login(USERNAME, PASSWORD)\n    \n        shop_page = ShopPage(driver)\n&amp;gt;       shop_page.search(keyword)\n\ntests/test_product_search.py:23: \n_ _ _ _ _ _ _ _ _ _ _ _ _ _ _ _ _ _ _ _ _ _ _ _ _ _ _ _ _ _ _ _ _ _ _ _ _ _ _ _ _ _ _ _ _ _ _ _ _ _ _ _ _ _ _ _ _ _ _ _ _ _ _ _ _ _ _ _ _ _ _ _ _ _ _ _ _ _ _ _ _ _ _ _ _ _ _ _ _ _ _ _ _ _ _ _ _ _ _ \npages/shop_page.py:82: in search\n    WebDriverWait(self.driver, 5).until(\n_ _ _ _ _ _ _ _ _ _ _ _ _ _ _ _ _ _ _ _ _ _ _ _ _ _ _ _ _ _ _ _ _ _ _ _ _ _ _ _ _ _ _ _ _ _ _ _ _ _ _ _ _ _ _ _ _ _ _ _ _ _ _ _ _ _ _ _ _ _ _ _ _ _ _ _ _ _ _ _ _ _ _ _ _ _ _ _ _ _ _ _ _ _ _ _ _ _ _ \n\nself = &amp;lt;selenium.webdriver.support.wait.WebDriverWait (session=&amp;quot;f272ebb8c92ab1f55063e53dce085882&amp;quot;)&amp;gt;, method = &amp;lt;function presence_of_element_located.&amp;lt;locals&amp;gt;._predicate at 0x106e20680&amp;gt;, message = &amp;#x27;&amp;#x27;\n\n    def until(self, method: Callable[[D], Union[Literal[False], T]], message: str = &amp;quot;&amp;quot;) -&amp;gt; T:\n        &amp;quot;&amp;quot;&amp;quot;Wait until the method returns a value that is not False.\n    \n        Calls the method provided with the driver as an argument until the\n        return value does not evaluate to ``False``.\n    \n        Parameters:\n        -----------\n        method: callable(WebDriver)\n            - A callable object that takes a WebDriver instance as an argument.\n    \n        message: str\n            - Optional message for :exc:`TimeoutException`\n    \n        Return:\n        -------\n        object: T\n            - The result of the last call to `method`\n    \n        Raises:\n        -------\n        TimeoutException\n            - If &amp;#x27;method&amp;#x27; does not return a truthy value within the WebDriverWait\n            object&amp;#x27;s timeout\n    \n        Example:\n        --------\n        &amp;gt;&amp;gt;&amp;gt; from selenium.webdriver.common.by import By\n        &amp;gt;&amp;gt;&amp;gt; from selenium.webdriver.support.ui import WebDriverWait\n        &amp;gt;&amp;gt;&amp;gt; from selenium.webdriver.support import expected_conditions as EC\n    \n        # Wait until an element is visible on the page\n        &amp;gt;&amp;gt;&amp;gt; wait = WebDriverWait(driver, 10)\n        &amp;gt;&amp;gt;&amp;gt; element = wait.until(EC.visibility_of_element_located((By.ID, &amp;quot;exampleId&amp;quot;)))\n        &amp;gt;&amp;gt;&amp;gt; print(element.text)\n        &amp;quot;&amp;quot;&amp;quot;\n        screen = None\n        stacktrace = None\n    \n        end_time = time.monotonic() + self._timeout\n        while True:\n            try:\n                value = method(self._driver)\n                if value:\n                    return value\n            except self._ignored_exceptions as exc:\n                screen = getattr(exc, &amp;quot;screen&amp;quot;, None)\n                stacktrace = getattr(exc, &amp;quot;stacktrace&amp;quot;, None)\n            if time.monotonic() &amp;gt; end_time:\n                break\n            time.sleep(self._poll)\n&amp;gt;       raise TimeoutException(message, screen, stacktrace)\nE       selenium.common.exceptions.TimeoutException: Message: \nE       Stacktrace:\nE       0   chromedriver                        0x0000000102f97274 cxxbridge1$str$ptr + 2741972\nE       1   chromedriver                        0x0000000102f8f1e4 cxxbridge1$str$ptr + 2709060\nE       2   chromedriver                        0x0000000102ad94fc cxxbridge1$string$len + 90520\nE       3   chromedriver                        0x0000000102b20a14 cxxbridge1$string$len + 382640\nE       4   chromedriver                        0x0000000102b61db8 cxxbridge1$string$len + 649812\nE       5   chromedriver                        0x0000000102b14d30 cxxbridge1$string$len + 334284\nE       6   chromedriver                        0x0000000102f5a674 cxxbridge1$str$ptr + 2493140\nE       7   chromedriver                        0x0000000102f5d8a8 cxxbridge1$str$ptr + 2505992\nE       8   chromedriver                        0x0000000102f3b4ac cxxbridge1$str$ptr + 2365708\nE       9   chromedriver                        0x0000000102f5e164 cxxbridge1$str$ptr + 2508228\nE       10  chromedriver                        0x0000000102f2c5a4 cxxbridge1$str$ptr + 2304516\nE       11  chromedriver                        0x0000000102f7dc80 cxxbridge1$str$ptr + 2638048\nE       12  chromedriver                        0x0000000102f7de0c cxxbridge1$str$ptr + 2638444\nE       13  chromedriver                        0x0000000102f8ee30 cxxbridge1$str$ptr + 2708112\nE       14  libsystem_pthread.dylib             0x000000019491bc0c _pthread_start + 136\nE       15  libsystem_pthread.dylib             0x0000000194916b80 thread_start + 8\n\n/Library/Frameworks/Python.framework/Versions/3.13/lib/python3.13/site-packages/selenium/webdriver/support/wait.py:138: TimeoutException\n&#34;}], &#34;tests/test_product_search.py::test_product_search_keywords[!@#$%-No products found]&#34;: [{&#34;extras&#34;: [], &#34;result&#34;: &#34;Failed&#34;, &#34;testId&#34;: &#34;tests/test_product_search.py::test_product_search_keywords[!@#$%-No products found]&#34;, &#34;duration&#34;: &#34;00:00:08&#34;, &#34;resultsTableRow&#34;: [&#34;&lt;td class=\&#34;col-result\&#34;&gt;Failed&lt;/td&gt;&#34;, &#34;&lt;td class=\&#34;col-testId\&#34;&gt;tests/test_product_search.py::test_product_search_keywords[!@#$%-No products found]&lt;/td&gt;&#34;, &#34;&lt;td class=\&#34;col-duration\&#34;&gt;00:00:08&lt;/td&gt;&#34;, &#34;&lt;td class=\&#34;col-links\&#34;&gt;&lt;/td&gt;&#34;], &#34;log&#34;: &#34;driver = &amp;lt;selenium.webdriver.chrome.webdriver.WebDriver (session=&amp;quot;d80bb96f5410d25be0fa3c8c5364acf5&amp;quot;)&amp;gt;, keyword = &amp;#x27;!@#$%&amp;#x27;, expected_message = &amp;#x27;No products found&amp;#x27;\n\n    @pytest.mark.parametrize(&amp;quot;keyword, expected_message&amp;quot;, [\n        (&amp;quot;milk&amp;quot;, None),                          # G\u00fcltiger Suchbegriff \u2192 keine Fehlermeldung\n        (&amp;quot;xyz123&amp;quot;, &amp;quot;No products found&amp;quot;),         # Ung\u00fcltiger Begriff \u2192 Fehlermeldung\n        (&amp;quot;!@#$%&amp;quot;, &amp;quot;No products found&amp;quot;),          # Sonderzeichen \u2192 Fehlermeldung oder Sanitize\n    ])\n    def test_product_search_keywords(driver, keyword, expected_message):\n        login_page = LoginPage(driver)\n        login_page.login(USERNAME, PASSWORD)\n    \n        shop_page = ShopPage(driver)\n&amp;gt;       shop_page.search(keyword)\n\ntests/test_product_search.py:23: \n_ _ _ _ _ _ _ _ _ _ _ _ _ _ _ _ _ _ _ _ _ _ _ _ _ _ _ _ _ _ _ _ _ _ _ _ _ _ _ _ _ _ _ _ _ _ _ _ _ _ _ _ _ _ _ _ _ _ _ _ _ _ _ _ _ _ _ _ _ _ _ _ _ _ _ _ _ _ _ _ _ _ _ _ _ _ _ _ _ _ _ _ _ _ _ _ _ _ _ \npages/shop_page.py:82: in search\n    WebDriverWait(self.driver, 5).until(\n_ _ _ _ _ _ _ _ _ _ _ _ _ _ _ _ _ _ _ _ _ _ _ _ _ _ _ _ _ _ _ _ _ _ _ _ _ _ _ _ _ _ _ _ _ _ _ _ _ _ _ _ _ _ _ _ _ _ _ _ _ _ _ _ _ _ _ _ _ _ _ _ _ _ _ _ _ _ _ _ _ _ _ _ _ _ _ _ _ _ _ _ _ _ _ _ _ _ _ \n\nself = &amp;lt;selenium.webdriver.support.wait.WebDriverWait (session=&amp;quot;d80bb96f5410d25be0fa3c8c5364acf5&amp;quot;)&amp;gt;, method = &amp;lt;function presence_of_element_located.&amp;lt;locals&amp;gt;._predicate at 0x106e60e00&amp;gt;, message = &amp;#x27;&amp;#x27;\n\n    def until(self, method: Callable[[D], Union[Literal[False], T]], message: str = &amp;quot;&amp;quot;) -&amp;gt; T:\n        &amp;quot;&amp;quot;&amp;quot;Wait until the method returns a value that is not False.\n    \n        Calls the method provided with the driver as an argument until the\n        return value does not evaluate to ``False``.\n    \n        Parameters:\n        -----------\n        method: callable(WebDriver)\n            - A callable object that takes a WebDriver instance as an argument.\n    \n        message: str\n            - Optional message for :exc:`TimeoutException`\n    \n        Return:\n        -------\n        object: T\n            - The result of the last call to `method`\n    \n        Raises:\n        -------\n        TimeoutException\n            - If &amp;#x27;method&amp;#x27; does not return a truthy value within the WebDriverWait\n            object&amp;#x27;s timeout\n    \n        Example:\n        --------\n        &amp;gt;&amp;gt;&amp;gt; from selenium.webdriver.common.by import By\n        &amp;gt;&amp;gt;&amp;gt; from selenium.webdriver.support.ui import WebDriverWait\n        &amp;gt;&amp;gt;&amp;gt; from selenium.webdriver.support import expected_conditions as EC\n    \n        # Wait until an element is visible on the page\n        &amp;gt;&amp;gt;&amp;gt; wait = WebDriverWait(driver, 10)\n        &amp;gt;&amp;gt;&amp;gt; element = wait.until(EC.visibility_of_element_located((By.ID, &amp;quot;exampleId&amp;quot;)))\n        &amp;gt;&amp;gt;&amp;gt; print(element.text)\n        &amp;quot;&amp;quot;&amp;quot;\n        screen = None\n        stacktrace = None\n    \n        end_time = time.monotonic() + self._timeout\n        while True:\n            try:\n                value = method(self._driver)\n                if value:\n                    return value\n            except self._ignored_exceptions as exc:\n                screen = getattr(exc, &amp;quot;screen&amp;quot;, None)\n                stacktrace = getattr(exc, &amp;quot;stacktrace&amp;quot;, None)\n            if time.monotonic() &amp;gt; end_time:\n                break\n            time.sleep(self._poll)\n&amp;gt;       raise TimeoutException(message, screen, stacktrace)\nE       selenium.common.exceptions.TimeoutException: Message: \nE       Stacktrace:\nE       0   chromedriver                        0x0000000101193274 cxxbridge1$str$ptr + 2741972\nE       1   chromedriver                        0x000000010118b1e4 cxxbridge1$str$ptr + 2709060\nE       2   chromedriver                        0x0000000100cd54fc cxxbridge1$string$len + 90520\nE       3   chromedriver                        0x0000000100d1ca14 cxxbridge1$string$len + 382640\nE       4   chromedriver                        0x0000000100d5ddb8 cxxbridge1$string$len + 649812\nE       5   chromedriver                        0x0000000100d10d30 cxxbridge1$string$len + 334284\nE       6   chromedriver                        0x0000000101156674 cxxbridge1$str$ptr + 2493140\nE       7   chromedriver                        0x00000001011598a8 cxxbridge1$str$ptr + 2505992\nE       8   chromedriver                        0x00000001011374ac cxxbridge1$str$ptr + 2365708\nE       9   chromedriver                        0x000000010115a164 cxxbridge1$str$ptr + 2508228\nE       10  chromedriver                        0x00000001011285a4 cxxbridge1$str$ptr + 2304516\nE       11  chromedriver                        0x0000000101179c80 cxxbridge1$str$ptr + 2638048\nE       12  chromedriver                        0x0000000101179e0c cxxbridge1$str$ptr + 2638444\nE       13  chromedriver                        0x000000010118ae30 cxxbridge1$str$ptr + 2708112\nE       14  libsystem_pthread.dylib             0x000000019491bc0c _pthread_start + 136\nE       15  libsystem_pthread.dylib             0x0000000194916b80 thread_start + 8\n\n/Library/Frameworks/Python.framework/Versions/3.13/lib/python3.13/site-packages/selenium/webdriver/support/wait.py:138: TimeoutException\n&#34;}], &#34;tests/test_shipping_fees.py::test_shipping_fee_under_20&#34;: [{&#34;extras&#34;: [], &#34;result&#34;: &#34;Passed&#34;, &#34;testId&#34;: &#34;tests/test_shipping_fees.py::test_shipping_fee_under_20&#34;, &#34;duration&#34;: &#34;00:00:04&#34;, &#34;resultsTableRow&#34;: [&#34;&lt;td class=\&#34;col-result\&#34;&gt;Passed&lt;/td&gt;&#34;, &#34;&lt;td class=\&#34;col-testId\&#34;&gt;tests/test_shipping_fees.py::test_shipping_fee_under_20&lt;/td&gt;&#34;, &#34;&lt;td class=\&#34;col-duration\&#34;&gt;00:00:04&lt;/td&gt;&#34;, &#34;&lt;td class=\&#34;col-links\&#34;&gt;&lt;/td&gt;&#34;], &#34;log&#34;: &#34;No log output captured.&#34;}], &#34;tests/test_shipping_fees.py::test_shipping_fee_exact_20&#34;: [{&#34;extras&#34;: [], &#34;result&#34;: &#34;XFailed&#34;, &#34;testId&#34;: &#34;tests/test_shipping_fees.py::test_shipping_fee_exact_20&#34;, &#34;duration&#34;: &#34;00:00:04&#34;, &#34;resultsTableRow&#34;: [&#34;&lt;td class=\&#34;col-result\&#34;&gt;XFailed&lt;/td&gt;&#34;, &#34;&lt;td class=\&#34;col-testId\&#34;&gt;tests/test_shipping_fees.py::test_shipping_fee_exact_20&lt;/td&gt;&#34;, &#34;&lt;td class=\&#34;col-duration\&#34;&gt;00:00:04&lt;/td&gt;&#34;, &#34;&lt;td class=\&#34;col-links\&#34;&gt;&lt;/td&gt;&#34;], &#34;log&#34;: &#34;driver = &amp;lt;selenium.webdriver.chrome.webdriver.WebDriver (session=&amp;quot;2617df567e7d0ea4657cc74b71a442ae&amp;quot;)&amp;gt;\n\n    @pytest.mark.xfail(reason=&amp;quot;Bekannter Bug: Versandkosten werden bei genau 20\u20ac nicht entfernt&amp;quot;)\n    def test_shipping_fee_exact_20(driver):\n        &amp;quot;&amp;quot;&amp;quot;Genau 20\u20ac: Versandkosten sollten entfallen.&amp;quot;&amp;quot;&amp;quot;\n        shop_page = prepare(driver)\n        add_products(shop_page, 2)\n        shop_page.open_cart()\n        text = shop_page.get_shipping_fee_text()\n&amp;gt;       assert &amp;quot;5\u20ac&amp;quot; not in text and &amp;quot;5 \u20ac&amp;quot; not in text\nE       AssertionError: assert (&amp;#x27;5\u20ac&amp;#x27; not in &amp;#x27;Your produc...20\u20ac or more.&amp;#x27;\nE         \nE         &amp;#x27;5\u20ac&amp;#x27; is contained here:\nE           tarines\nE           1.5\u20ac\nE         ?   ++\nE           -\nE           +...\nE         \nE         ...Full output truncated (62 lines hidden), use &amp;#x27;-vv&amp;#x27; to show)\n\ntests/test_shipping_fees.py:47: AssertionError\n&#34;}], &#34;tests/test_shipping_fees.py::test_shipping_fee_over_20&#34;: [{&#34;extras&#34;: [], &#34;result&#34;: &#34;XFailed&#34;, &#34;testId&#34;: &#34;tests/test_shipping_fees.py::test_shipping_fee_over_20&#34;, &#34;duration&#34;: &#34;00:00:04&#34;, &#34;resultsTableRow&#34;: [&#34;&lt;td class=\&#34;col-result\&#34;&gt;XFailed&lt;/td&gt;&#34;, &#34;&lt;td class=\&#34;col-testId\&#34;&gt;tests/test_shipping_fees.py::test_shipping_fee_over_20&lt;/td&gt;&#34;, &#34;&lt;td class=\&#34;col-duration\&#34;&gt;00:00:04&lt;/td&gt;&#34;, &#34;&lt;td class=\&#34;col-links\&#34;&gt;&lt;/td&gt;&#34;], &#34;log&#34;: &#34;driver = &amp;lt;selenium.webdriver.chrome.webdriver.WebDriver (session=&amp;quot;593469a3136cb41bba741d4eaa12bb77&amp;quot;)&amp;gt;\n\n    @pytest.mark.xfail(reason=&amp;quot;Bekannter Bug: Versandkosten werden \u00fcber 20\u20ac nicht entfernt&amp;quot;)\n    def test_shipping_fee_over_20(driver):\n        &amp;quot;&amp;quot;&amp;quot;\u00dcber 20\u20ac: Versandkosten sollten entfallen.&amp;quot;&amp;quot;&amp;quot;\n        shop_page = prepare(driver)\n        add_products(shop_page, 3)\n        shop_page.open_cart()\n        text = shop_page.get_shipping_fee_text()\n&amp;gt;       assert &amp;quot;5\u20ac&amp;quot; not in text and &amp;quot;5 \u20ac&amp;quot; not in text\nE       AssertionError: assert (&amp;#x27;5\u20ac&amp;#x27; not in &amp;#x27;Your produc...20\u20ac or more.&amp;#x27;\nE         \nE         &amp;#x27;5\u20ac&amp;#x27; is contained here:\nE           tarines\nE           1.5\u20ac\nE         ?   ++\nE           -\nE           +...\nE         \nE         ...Full output truncated (62 lines hidden), use &amp;#x27;-vv&amp;#x27; to show)\n\ntests/test_shipping_fees.py:57: AssertionError\n&#34;}], &#34;tests/test_shipping_fees.py::test_shipping_fee_remove_and_go_below_20&#34;: [{&#34;extras&#34;: [], &#34;result&#34;: &#34;XFailed&#34;, &#34;testId&#34;: &#34;tests/test_shipping_fees.py::test_shipping_fee_remove_and_go_below_20&#34;, &#34;duration&#34;: &#34;00:00:14&#34;, &#34;resultsTableRow&#34;: [&#34;&lt;td class=\&#34;col-result\&#34;&gt;XFailed&lt;/td&gt;&#34;, &#34;&lt;td class=\&#34;col-testId\&#34;&gt;tests/test_shipping_fees.py::test_shipping_fee_remove_and_go_below_20&lt;/td&gt;&#34;, &#34;&lt;td class=\&#34;col-duration\&#34;&gt;00:00:14&lt;/td&gt;&#34;, &#34;&lt;td class=\&#34;col-links\&#34;&gt;&lt;/td&gt;&#34;], &#34;log&#34;: &#34;driver = &amp;lt;selenium.webdriver.chrome.webdriver.WebDriver (session=&amp;quot;f72dbc05cfda6658a09e0c852bd7f441&amp;quot;)&amp;gt;\n\n    @pytest.mark.xfail(reason=&amp;quot;Bekannter Bug: Versandkosten kommen nicht zur\u00fcck, wenn der Wert unter 20\u20ac f\u00e4llt&amp;quot;)\n    def test_shipping_fee_remove_and_go_below_20(driver):\n        &amp;quot;&amp;quot;&amp;quot;Bug: Versandkosten kommen nicht zur\u00fcck, wenn der Wert unter 20\u20ac f\u00e4llt.&amp;quot;&amp;quot;&amp;quot;\n        shop_page = prepare(driver)\n        add_products(shop_page, 3)\n        shop_page.open_cart()\n        # Jetzt sollten Versandkosten verschwunden sein (Bug beachten)\n        text = shop_page.get_shipping_fee_text()\n        assert &amp;quot;5\u20ac&amp;quot; not in text and &amp;quot;5 \u20ac&amp;quot; not in text or True\n    \n&amp;gt;       shop_page.remove_first_product_from_cart()\n\ntests/test_shipping_fees.py:70: \n_ _ _ _ _ _ _ _ _ _ _ _ _ _ _ _ _ _ _ _ _ _ _ _ _ _ _ _ _ _ _ _ _ _ _ _ _ _ _ _ _ _ _ _ _ _ _ _ _ _ _ _ _ _ _ _ _ _ _ _ _ _ _ _ _ _ _ _ _ _ _ _ _ _ _ _ _ _ _ _ _ _ _ _ _ _ _ _ _ _ _ _ _ _ _ _ _ _ _ \npages/shop_page.py:68: in remove_first_product_from_cart\n    remove_button = WebDriverWait(self.driver, 10).until(\n_ _ _ _ _ _ _ _ _ _ _ _ _ _ _ _ _ _ _ _ _ _ _ _ _ _ _ _ _ _ _ _ _ _ _ _ _ _ _ _ _ _ _ _ _ _ _ _ _ _ _ _ _ _ _ _ _ _ _ _ _ _ _ _ _ _ _ _ _ _ _ _ _ _ _ _ _ _ _ _ _ _ _ _ _ _ _ _ _ _ _ _ _ _ _ _ _ _ _ \n\nself = &amp;lt;selenium.webdriver.support.wait.WebDriverWait (session=&amp;quot;f72dbc05cfda6658a09e0c852bd7f441&amp;quot;)&amp;gt;, method = &amp;lt;function element_to_be_clickable.&amp;lt;locals&amp;gt;._predicate at 0x106e61b20&amp;gt;, message = &amp;#x27;&amp;#x27;\n\n    def until(self, method: Callable[[D], Union[Literal[False], T]], message: str = &amp;quot;&amp;quot;) -&amp;gt; T:\n        &amp;quot;&amp;quot;&amp;quot;Wait until the method returns a value that is not False.\n    \n        Calls the method provided with the driver as an argument until the\n        return value does not evaluate to ``False``.\n    \n        Parameters:\n        -----------\n        method: callable(WebDriver)\n            - A callable object that takes a WebDriver instance as an argument.\n    \n        message: str\n            - Optional message for :exc:`TimeoutException`\n    \n        Return:\n        -------\n        object: T\n            - The result of the last call to `method`\n    \n        Raises:\n        -------\n        TimeoutException\n            - If &amp;#x27;method&amp;#x27; does not return a truthy value within the WebDriverWait\n            object&amp;#x27;s timeout\n    \n        Example:\n        --------\n        &amp;gt;&amp;gt;&amp;gt; from selenium.webdriver.common.by import By\n        &amp;gt;&amp;gt;&amp;gt; from selenium.webdriver.support.ui import WebDriverWait\n        &amp;gt;&amp;gt;&amp;gt; from selenium.webdriver.support import expected_conditions as EC\n    \n        # Wait until an element is visible on the page\n        &amp;gt;&amp;gt;&amp;gt; wait = WebDriverWait(driver, 10)\n        &amp;gt;&amp;gt;&amp;gt; element = wait.until(EC.visibility_of_element_located((By.ID, &amp;quot;exampleId&amp;quot;)))\n        &amp;gt;&amp;gt;&amp;gt; print(element.text)\n        &amp;quot;&amp;quot;&amp;quot;\n        screen = None\n        stacktrace = None\n    \n        end_time = time.monotonic() + self._timeout\n        while True:\n            try:\n                value = method(self._driver)\n                if value:\n                    return value\n            except self._ignored_exceptions as exc:\n                screen = getattr(exc, &amp;quot;screen&amp;quot;, None)\n                stacktrace = getattr(exc, &amp;quot;stacktrace&amp;quot;, None)\n            if time.monotonic() &amp;gt; end_time:\n                break\n            time.sleep(self._poll)\n&amp;gt;       raise TimeoutException(message, screen, stacktrace)\nE       selenium.common.exceptions.TimeoutException: Message: \nE       Stacktrace:\nE       0   chromedriver                        0x0000000102e3f274 cxxbridge1$str$ptr + 2741972\nE       1   chromedriver                        0x0000000102e371e4 cxxbridge1$str$ptr + 2709060\nE       2   chromedriver                        0x00000001029814fc cxxbridge1$string$len + 90520\nE       3   chromedriver                        0x00000001029c8a14 cxxbridge1$string$len + 382640\nE       4   chromedriver                        0x0000000102a09db8 cxxbridge1$string$len + 649812\nE       5   chromedriver                        0x00000001029bcd30 cxxbridge1$string$len + 334284\nE       6   chromedriver                        0x0000000102e02674 cxxbridge1$str$ptr + 2493140\nE       7   chromedriver                        0x0000000102e058a8 cxxbridge1$str$ptr + 2505992\nE       8   chromedriver                        0x0000000102de34ac cxxbridge1$str$ptr + 2365708\nE       9   chromedriver                        0x0000000102e06164 cxxbridge1$str$ptr + 2508228\nE       10  chromedriver                        0x0000000102dd45a4 cxxbridge1$str$ptr + 2304516\nE       11  chromedriver                        0x0000000102e25c80 cxxbridge1$str$ptr + 2638048\nE       12  chromedriver                        0x0000000102e25e0c cxxbridge1$str$ptr + 2638444\nE       13  chromedriver                        0x0000000102e36e30 cxxbridge1$str$ptr + 2708112\nE       14  libsystem_pthread.dylib             0x000000019491bc0c _pthread_start + 136\nE       15  libsystem_pthread.dylib             0x0000000194916b80 thread_start + 8\n\n/Library/Frameworks/Python.framework/Versions/3.13/lib/python3.13/site-packages/selenium/webdriver/support/wait.py:138: TimeoutException\n&#34;}]}, &#34;renderCollapsed&#34;: [&#34;passed&#34;], &#34;initialSort&#34;: &#34;result&#34;, &#34;title&#34;: &#34;report.html&#34;}"></div>
    <script>
      (function(){function r(e,n,t){function o(i,f){if(!n[i]){if(!e[i]){var c="function"==typeof require&&require;if(!f&&c)return c(i,!0);if(u)return u(i,!0);var a=new Error("Cannot find module '"+i+"'");throw a.code="MODULE_NOT_FOUND",a}var p=n[i]={exports:{}};e[i][0].call(p.exports,function(r){var n=e[i][1][r];return o(n||r)},p,p.exports,r,e,n,t)}return n[i].exports}for(var u="function"==typeof require&&require,i=0;i<t.length;i++)o(t[i]);return o}return r})()({1:[function(require,module,exports){
const { getCollapsedCategory, setCollapsedIds } = require('./storage.js')

class DataManager {
    setManager(data) {
        const collapsedCategories = [...getCollapsedCategory(data.renderCollapsed)]
        const collapsedIds = []
        const tests = Object.values(data.tests).flat().map((test, index) => {
            const collapsed = collapsedCategories.includes(test.result.toLowerCase())
            const id = `test_${index}`
            if (collapsed) {
                collapsedIds.push(id)
            }
            return {
                ...test,
                id,
                collapsed,
            }
        })
        const dataBlob = { ...data, tests }
        this.data = { ...dataBlob }
        this.renderData = { ...dataBlob }
        setCollapsedIds(collapsedIds)
    }

    get allData() {
        return { ...this.data }
    }

    resetRender() {
        this.renderData = { ...this.data }
    }

    setRender(data) {
        this.renderData.tests = [...data]
    }

    toggleCollapsedItem(id) {
        this.renderData.tests = this.renderData.tests.map((test) =>
            test.id === id ? { ...test, collapsed: !test.collapsed } : test,
        )
    }

    set allCollapsed(collapsed) {
        this.renderData = { ...this.renderData, tests: [...this.renderData.tests.map((test) => (
            { ...test, collapsed }
        ))] }
    }

    get testSubset() {
        return [...this.renderData.tests]
    }

    get environment() {
        return this.renderData.environment
    }

    get initialSort() {
        return this.data.initialSort
    }
}

module.exports = {
    manager: new DataManager(),
}

},{"./storage.js":8}],2:[function(require,module,exports){
const mediaViewer = require('./mediaviewer.js')
const templateEnvRow = document.getElementById('template_environment_row')
const templateResult = document.getElementById('template_results-table__tbody')

function htmlToElements(html) {
    const temp = document.createElement('template')
    temp.innerHTML = html
    return temp.content.childNodes
}

const find = (selector, elem) => {
    if (!elem) {
        elem = document
    }
    return elem.querySelector(selector)
}

const findAll = (selector, elem) => {
    if (!elem) {
        elem = document
    }
    return [...elem.querySelectorAll(selector)]
}

const dom = {
    getStaticRow: (key, value) => {
        const envRow = templateEnvRow.content.cloneNode(true)
        const isObj = typeof value === 'object' && value !== null
        const values = isObj ? Object.keys(value).map((k) => `${k}: ${value[k]}`) : null

        const valuesElement = htmlToElements(
            values ? `<ul>${values.map((val) => `<li>${val}</li>`).join('')}<ul>` : `<div>${value}</div>`)[0]
        const td = findAll('td', envRow)
        td[0].textContent = key
        td[1].appendChild(valuesElement)

        return envRow
    },
    getResultTBody: ({ testId, id, log, extras, resultsTableRow, tableHtml, result, collapsed }) => {
        const resultBody = templateResult.content.cloneNode(true)
        resultBody.querySelector('tbody').classList.add(result.toLowerCase())
        resultBody.querySelector('tbody').id = testId
        resultBody.querySelector('.collapsible').dataset.id = id

        resultsTableRow.forEach((html) => {
            const t = document.createElement('template')
            t.innerHTML = html
            resultBody.querySelector('.collapsible').appendChild(t.content)
        })

        if (log) {
            // Wrap lines starting with "E" with span.error to color those lines red
            const wrappedLog = log.replace(/^E.*$/gm, (match) => `<span class="error">${match}</span>`)
            resultBody.querySelector('.log').innerHTML = wrappedLog
        } else {
            resultBody.querySelector('.log').remove()
        }

        if (collapsed) {
            resultBody.querySelector('.collapsible > td')?.classList.add('collapsed')
            resultBody.querySelector('.extras-row').classList.add('hidden')
        } else {
            resultBody.querySelector('.collapsible > td')?.classList.remove('collapsed')
        }

        const media = []
        extras?.forEach(({ name, format_type, content }) => {
            if (['image', 'video'].includes(format_type)) {
                media.push({ path: content, name, format_type })
            }

            if (format_type === 'html') {
                resultBody.querySelector('.extraHTML').insertAdjacentHTML('beforeend', `<div>${content}</div>`)
            }
        })
        mediaViewer.setup(resultBody, media)

        // Add custom html from the pytest_html_results_table_html hook
        tableHtml?.forEach((item) => {
            resultBody.querySelector('td[class="extra"]').insertAdjacentHTML('beforeend', item)
        })

        return resultBody
    },
}

module.exports = {
    dom,
    htmlToElements,
    find,
    findAll,
}

},{"./mediaviewer.js":6}],3:[function(require,module,exports){
const { manager } = require('./datamanager.js')
const { doSort } = require('./sort.js')
const storageModule = require('./storage.js')

const getFilteredSubSet = (filter) =>
    manager.allData.tests.filter(({ result }) => filter.includes(result.toLowerCase()))

const doInitFilter = () => {
    const currentFilter = storageModule.getVisible()
    const filteredSubset = getFilteredSubSet(currentFilter)
    manager.setRender(filteredSubset)
}

const doFilter = (type, show) => {
    if (show) {
        storageModule.showCategory(type)
    } else {
        storageModule.hideCategory(type)
    }

    const currentFilter = storageModule.getVisible()
    const filteredSubset = getFilteredSubSet(currentFilter)
    manager.setRender(filteredSubset)

    const sortColumn = storageModule.getSort()
    doSort(sortColumn, true)
}

module.exports = {
    doFilter,
    doInitFilter,
}

},{"./datamanager.js":1,"./sort.js":7,"./storage.js":8}],4:[function(require,module,exports){
const { redraw, bindEvents, renderStatic } = require('./main.js')
const { doInitFilter } = require('./filter.js')
const { doInitSort } = require('./sort.js')
const { manager } = require('./datamanager.js')
const data = JSON.parse(document.getElementById('data-container').dataset.jsonblob)

function init() {
    manager.setManager(data)
    doInitFilter()
    doInitSort()
    renderStatic()
    redraw()
    bindEvents()
}

init()

},{"./datamanager.js":1,"./filter.js":3,"./main.js":5,"./sort.js":7}],5:[function(require,module,exports){
const { dom, find, findAll } = require('./dom.js')
const { manager } = require('./datamanager.js')
const { doSort } = require('./sort.js')
const { doFilter } = require('./filter.js')
const {
    getVisible,
    getCollapsedIds,
    setCollapsedIds,
    getSort,
    getSortDirection,
    possibleFilters,
} = require('./storage.js')

const removeChildren = (node) => {
    while (node.firstChild) {
        node.removeChild(node.firstChild)
    }
}

const renderStatic = () => {
    const renderEnvironmentTable = () => {
        const environment = manager.environment
        const rows = Object.keys(environment).map((key) => dom.getStaticRow(key, environment[key]))
        const table = document.getElementById('environment')
        removeChildren(table)
        rows.forEach((row) => table.appendChild(row))
    }
    renderEnvironmentTable()
}

const addItemToggleListener = (elem) => {
    elem.addEventListener('click', ({ target }) => {
        const id = target.parentElement.dataset.id
        manager.toggleCollapsedItem(id)

        const collapsedIds = getCollapsedIds()
        if (collapsedIds.includes(id)) {
            const updated = collapsedIds.filter((item) => item !== id)
            setCollapsedIds(updated)
        } else {
            collapsedIds.push(id)
            setCollapsedIds(collapsedIds)
        }
        redraw()
    })
}

const renderContent = (tests) => {
    const sortAttr = getSort(manager.initialSort)
    const sortAsc = JSON.parse(getSortDirection())
    const rows = tests.map(dom.getResultTBody)
    const table = document.getElementById('results-table')
    const tableHeader = document.getElementById('results-table-head')

    const newTable = document.createElement('table')
    newTable.id = 'results-table'

    // remove all sorting classes and set the relevant
    findAll('.sortable', tableHeader).forEach((elem) => elem.classList.remove('asc', 'desc'))
    tableHeader.querySelector(`.sortable[data-column-type="${sortAttr}"]`)?.classList.add(sortAsc ? 'desc' : 'asc')
    newTable.appendChild(tableHeader)

    if (!rows.length) {
        const emptyTable = document.getElementById('template_results-table__body--empty').content.cloneNode(true)
        newTable.appendChild(emptyTable)
    } else {
        rows.forEach((row) => {
            if (!!row) {
                findAll('.collapsible td:not(.col-links', row).forEach(addItemToggleListener)
                find('.logexpander', row).addEventListener('click',
                    (evt) => evt.target.parentNode.classList.toggle('expanded'),
                )
                newTable.appendChild(row)
            }
        })
    }

    table.replaceWith(newTable)
}

const renderDerived = () => {
    const currentFilter = getVisible()
    possibleFilters.forEach((result) => {
        const input = document.querySelector(`input[data-test-result="${result}"]`)
        input.checked = currentFilter.includes(result)
    })
}

const bindEvents = () => {
    const filterColumn = (evt) => {
        const { target: element } = evt
        const { testResult } = element.dataset

        doFilter(testResult, element.checked)
        const collapsedIds = getCollapsedIds()
        const updated = manager.renderData.tests.map((test) => {
            return {
                ...test,
                collapsed: collapsedIds.includes(test.id),
            }
        })
        manager.setRender(updated)
        redraw()
    }

    const header = document.getElementById('environment-header')
    header.addEventListener('click', () => {
        const table = document.getElementById('environment')
        table.classList.toggle('hidden')
        header.classList.toggle('collapsed')
    })

    findAll('input[name="filter_checkbox"]').forEach((elem) => {
        elem.addEventListener('click', filterColumn)
    })

    findAll('.sortable').forEach((elem) => {
        elem.addEventListener('click', (evt) => {
            const { target: element } = evt
            const { columnType } = element.dataset
            doSort(columnType)
            redraw()
        })
    })

    document.getElementById('show_all_details').addEventListener('click', () => {
        manager.allCollapsed = false
        setCollapsedIds([])
        redraw()
    })
    document.getElementById('hide_all_details').addEventListener('click', () => {
        manager.allCollapsed = true
        const allIds = manager.renderData.tests.map((test) => test.id)
        setCollapsedIds(allIds)
        redraw()
    })
}

const redraw = () => {
    const { testSubset } = manager

    renderContent(testSubset)
    renderDerived()
}

module.exports = {
    redraw,
    bindEvents,
    renderStatic,
}

},{"./datamanager.js":1,"./dom.js":2,"./filter.js":3,"./sort.js":7,"./storage.js":8}],6:[function(require,module,exports){
class MediaViewer {
    constructor(assets) {
        this.assets = assets
        this.index = 0
    }

    nextActive() {
        this.index = this.index === this.assets.length - 1 ? 0 : this.index + 1
        return [this.activeFile, this.index]
    }

    prevActive() {
        this.index = this.index === 0 ? this.assets.length - 1 : this.index -1
        return [this.activeFile, this.index]
    }

    get currentIndex() {
        return this.index
    }

    get activeFile() {
        return this.assets[this.index]
    }
}


const setup = (resultBody, assets) => {
    if (!assets.length) {
        resultBody.querySelector('.media').classList.add('hidden')
        return
    }

    const mediaViewer = new MediaViewer(assets)
    const container = resultBody.querySelector('.media-container')
    const leftArrow = resultBody.querySelector('.media-container__nav--left')
    const rightArrow = resultBody.querySelector('.media-container__nav--right')
    const mediaName = resultBody.querySelector('.media__name')
    const counter = resultBody.querySelector('.media__counter')
    const imageEl = resultBody.querySelector('img')
    const sourceEl = resultBody.querySelector('source')
    const videoEl = resultBody.querySelector('video')

    const setImg = (media, index) => {
        if (media?.format_type === 'image') {
            imageEl.src = media.path

            imageEl.classList.remove('hidden')
            videoEl.classList.add('hidden')
        } else if (media?.format_type === 'video') {
            sourceEl.src = media.path

            videoEl.classList.remove('hidden')
            imageEl.classList.add('hidden')
        }

        mediaName.innerText = media?.name
        counter.innerText = `${index + 1} / ${assets.length}`
    }
    setImg(mediaViewer.activeFile, mediaViewer.currentIndex)

    const moveLeft = () => {
        const [media, index] = mediaViewer.prevActive()
        setImg(media, index)
    }
    const doRight = () => {
        const [media, index] = mediaViewer.nextActive()
        setImg(media, index)
    }
    const openImg = () => {
        window.open(mediaViewer.activeFile.path, '_blank')
    }
    if (assets.length === 1) {
        container.classList.add('media-container--fullscreen')
    } else {
        leftArrow.addEventListener('click', moveLeft)
        rightArrow.addEventListener('click', doRight)
    }
    imageEl.addEventListener('click', openImg)
}

module.exports = {
    setup,
}

},{}],7:[function(require,module,exports){
const { manager } = require('./datamanager.js')
const storageModule = require('./storage.js')

const genericSort = (list, key, ascending, customOrder) => {
    let sorted
    if (customOrder) {
        sorted = list.sort((a, b) => {
            const aValue = a.result.toLowerCase()
            const bValue = b.result.toLowerCase()

            const aIndex = customOrder.findIndex((item) => item.toLowerCase() === aValue)
            const bIndex = customOrder.findIndex((item) => item.toLowerCase() === bValue)

            // Compare the indices to determine the sort order
            return aIndex - bIndex
        })
    } else {
        sorted = list.sort((a, b) => a[key] === b[key] ? 0 : a[key] > b[key] ? 1 : -1)
    }

    if (ascending) {
        sorted.reverse()
    }
    return sorted
}

const durationSort = (list, ascending) => {
    const parseDuration = (duration) => {
        if (duration.includes(':')) {
            // If it's in the format "HH:mm:ss"
            const [hours, minutes, seconds] = duration.split(':').map(Number)
            return (hours * 3600 + minutes * 60 + seconds) * 1000
        } else {
            // If it's in the format "nnn ms"
            return parseInt(duration)
        }
    }
    const sorted = list.sort((a, b) => parseDuration(a['duration']) - parseDuration(b['duration']))
    if (ascending) {
        sorted.reverse()
    }
    return sorted
}

const doInitSort = () => {
    const type = storageModule.getSort(manager.initialSort)
    const ascending = storageModule.getSortDirection()
    const list = manager.testSubset
    const initialOrder = ['Error', 'Failed', 'Rerun', 'XFailed', 'XPassed', 'Skipped', 'Passed']

    storageModule.setSort(type)
    storageModule.setSortDirection(ascending)

    if (type?.toLowerCase() === 'original') {
        manager.setRender(list)
    } else {
        let sortedList
        switch (type) {
        case 'duration':
            sortedList = durationSort(list, ascending)
            break
        case 'result':
            sortedList = genericSort(list, type, ascending, initialOrder)
            break
        default:
            sortedList = genericSort(list, type, ascending)
            break
        }
        manager.setRender(sortedList)
    }
}

const doSort = (type, skipDirection) => {
    const newSortType = storageModule.getSort(manager.initialSort) !== type
    const currentAsc = storageModule.getSortDirection()
    let ascending
    if (skipDirection) {
        ascending = currentAsc
    } else {
        ascending = newSortType ? false : !currentAsc
    }
    storageModule.setSort(type)
    storageModule.setSortDirection(ascending)

    const list = manager.testSubset
    const sortedList = type === 'duration' ? durationSort(list, ascending) : genericSort(list, type, ascending)
    manager.setRender(sortedList)
}

module.exports = {
    doInitSort,
    doSort,
}

},{"./datamanager.js":1,"./storage.js":8}],8:[function(require,module,exports){
const possibleFilters = [
    'passed',
    'skipped',
    'failed',
    'error',
    'xfailed',
    'xpassed',
    'rerun',
]

const getVisible = () => {
    const url = new URL(window.location.href)
    const settings = new URLSearchParams(url.search).get('visible')
    const lower = (item) => {
        const lowerItem = item.toLowerCase()
        if (possibleFilters.includes(lowerItem)) {
            return lowerItem
        }
        return null
    }
    return settings === null ?
        possibleFilters :
        [...new Set(settings?.split(',').map(lower).filter((item) => item))]
}

const hideCategory = (categoryToHide) => {
    const url = new URL(window.location.href)
    const visibleParams = new URLSearchParams(url.search).get('visible')
    const currentVisible = visibleParams ? visibleParams.split(',') : [...possibleFilters]
    const settings = [...new Set(currentVisible)].filter((f) => f !== categoryToHide).join(',')

    url.searchParams.set('visible', settings)
    window.history.pushState({}, null, unescape(url.href))
}

const showCategory = (categoryToShow) => {
    if (typeof window === 'undefined') {
        return
    }
    const url = new URL(window.location.href)
    const currentVisible = new URLSearchParams(url.search).get('visible')?.split(',').filter(Boolean) ||
        [...possibleFilters]
    const settings = [...new Set([categoryToShow, ...currentVisible])]
    const noFilter = possibleFilters.length === settings.length || !settings.length

    noFilter ? url.searchParams.delete('visible') : url.searchParams.set('visible', settings.join(','))
    window.history.pushState({}, null, unescape(url.href))
}

const getSort = (initialSort) => {
    const url = new URL(window.location.href)
    let sort = new URLSearchParams(url.search).get('sort')
    if (!sort) {
        sort = initialSort || 'result'
    }
    return sort
}

const setSort = (type) => {
    const url = new URL(window.location.href)
    url.searchParams.set('sort', type)
    window.history.pushState({}, null, unescape(url.href))
}

const getCollapsedCategory = (renderCollapsed) => {
    let categories
    if (typeof window !== 'undefined') {
        const url = new URL(window.location.href)
        const collapsedItems = new URLSearchParams(url.search).get('collapsed')
        switch (true) {
        case !renderCollapsed && collapsedItems === null:
            categories = ['passed']
            break
        case collapsedItems?.length === 0 || /^["']{2}$/.test(collapsedItems):
            categories = []
            break
        case /^all$/.test(collapsedItems) || collapsedItems === null && /^all$/.test(renderCollapsed):
            categories = [...possibleFilters]
            break
        default:
            categories = collapsedItems?.split(',').map((item) => item.toLowerCase()) || renderCollapsed
            break
        }
    } else {
        categories = []
    }
    return categories
}

const getSortDirection = () => JSON.parse(sessionStorage.getItem('sortAsc')) || false
const setSortDirection = (ascending) => sessionStorage.setItem('sortAsc', ascending)

const getCollapsedIds = () => JSON.parse(sessionStorage.getItem('collapsedIds')) || []
const setCollapsedIds = (list) => sessionStorage.setItem('collapsedIds', JSON.stringify(list))

module.exports = {
    getVisible,
    hideCategory,
    showCategory,
    getCollapsedIds,
    setCollapsedIds,
    getSort,
    setSort,
    getSortDirection,
    setSortDirection,
    getCollapsedCategory,
    possibleFilters,
}

},{}]},{},[4]);
    </script>
  </footer>
</html>